<?xml version="1.0" encoding="UTF-8"?>
<!-- Generated by org.testng.reporters.JUnitXMLReporter -->
<testsuite ignored="0" hostname="LAPTOP-7UARP2T2" failures="1" tests="10" name="Test" time="0.088" errors="0" timestamp="14 Jul. 2022 15:51:43 GMT">
  <testcase classname="selenium.Testing1" name="f" time="0.008"/>
  <testcase classname="selenium.Testing1" name="f" time="0.0"/>
  <testcase classname="selenium.Testing1" name="test1" time="0.0"/>
  <testcase classname="selenium.Testing1" name="test2" time="0.0"/>
  <testcase classname="selenium.Testing1" name="test3" time="0.001"/>
  <testcase classname="selenium.Testing2" name="test4" time="0.0"/>
  <testcase classname="selenium.Testing2" name="test5" time="0.001"/>
  <testcase classname="selenium.Testing3" name="createUser" time="0.013"/>
  <testcase classname="selenium.Testing3" name="editUser" time="0.015">
    <failure type="java.lang.AssertionError" message="The following asserts failed:
	Verifying element expected [true] but found [false]">
      <![CDATA[java.lang.AssertionError: The following asserts failed:
Verifying element expected [true] but found [false]
at selenium.Testing3.editUser(Testing3.java:28)
... Removed 23 stack frames]]>
    </failure>
  </testcase> <!-- editUser -->
  <testcase classname="selenium.Testing3" name="deleteUser" time="0.0">
    <skipped/>
  </testcase> <!-- deleteUser -->
</testsuite> <!-- Test -->
